===== FEDERAL MONITORING EXPORT =====
Agency: FBI NY Cyber Surveillance Unit
Case Ref: NY-92-771-MOD
Collection Method: Court Authorized Wiretap
Target Switch: NY-TEL-CORE-02

[1992-09-01 07:00:01] SYSTEM BOOT
[1992-09-01 07:00:02] PBX SERVICE ONLINE
[1992-09-01 07:00:03] MODEM LISTEN TTY0
[1992-09-01 07:00:04] MODEM LISTEN TTY1
[1992-09-01 07:00:05] MODEM LISTEN TTY2
[1992-09-01 07:00:06] ROUTING TABLE LOADED
[1992-09-01 07:00:07] DIAL PLAN LOADED
[1992-09-01 07:00:08] BRIDGE SERVICE ACTIVE

[1992-09-01 09:11:12] MODEM CONNECT 2125557741 2400
[1992-09-01 09:11:13] LOGIN fieldtech
[1992-09-01 09:11:14] AUTH SUCCESS
[1992-09-01 09:11:16] CMD show trunk-status
[1992-09-01 09:11:20] DISCONNECT 2125557741

[1992-09-01 14:22:31] MODEM CONNECT 6465552211 2400
[1992-09-01 14:22:32] LOGIN guest
[1992-09-01 14:22:33] AUTH SUCCESS
[1992-09-01 14:22:35] CMD help
[1992-09-01 14:22:37] DISCONNECT 6465552211

[1992-09-02 10:04:12] MODEM CONNECT 2125559921 2400
[1992-09-02 10:04:13] LOGIN fieldtech
[1992-09-02 10:04:14] AUTH SUCCESS
[1992-09-02 10:04:18] CMD show routing-table
[1992-09-02 10:04:23] DISCONNECT 2125559921

[1992-09-03 16:42:11] MODEM CONNECT 2125551134 2400
[1992-09-03 16:42:12] LOGIN maint
[1992-09-03 16:42:13] AUTH SUCCESS
[1992-09-03 16:42:16] CMD show dial-plan
[1992-09-03 16:42:21] DISCONNECT 2125551134

[1992-09-14 22:10:54] MODEM CONNECT 7185558821 2400
[1992-09-14 22:10:55] LOGIN guest
[1992-09-14 22:10:56] AUTH SUCCESS
[1992-09-14 22:10:59] CMD ls /usr/local
[1992-09-14 22:11:02] CMD cat /etc/passwd
[1992-09-14 22:11:05] CMD exit
[1992-09-14 22:11:07] DISCONNECT 7185558821

[1992-09-14 22:57:42] MODEM CONNECT 7185558821 2400
[1992-09-14 22:57:43] LOGIN maint
[1992-09-14 22:57:44] AUTH FAILURE
[1992-09-14 22:57:46] LOGIN admin
[1992-09-14 22:57:48] AUTH SUCCESS
[1992-09-14 22:57:49] PRIV root
[1992-09-14 22:57:52] CMD show routing-table
[1992-09-14 22:57:55] CMD show dial-plan
[1992-09-14 22:58:01] CMD create user mercury
[1992-09-14 22:58:03] USER mercury UID 1094
[1992-09-14 22:58:05] CMD set access mercury remote
[1992-09-14 22:58:07] CMD save config
[1992-09-14 22:58:09] DISCONNECT 7185558821

[1992-09-14 23:12:11] MODEM CONNECT 7185558821 2400
[1992-09-14 23:12:12] LOGIN mercury
[1992-09-14 23:12:13] AUTH SUCCESS
[1992-09-14 23:12:16] CMD enable advanced-mode
[1992-09-14 23:12:20] CMD edit dial-plan
[1992-09-14 23:12:22] CMD add route 900-* redirect 011445551133
[1992-09-14 23:12:25] CMD save config
[1992-09-14 23:12:27] DISCONNECT 7185558821

[1992-09-14 23:58:41] PBX ALERT route anomaly 900-*
[1992-09-14 23:58:43] PBX ALERT international trunk usage spike

[1992-09-15 00:03:11] INTERCEPT 7185558821
Speaker A: "The gates were open."
Speaker B: "Old castles never change."
Speaker A: "We left a messenger behind."
Speaker B: "Does the Legion hear the echo?"

[1992-09-15 00:04:55] INTERCEPT 2125557788
Speaker: "The 900 road now crosses water."

[1992-09-15 01:10:12] MODEM CONNECT 7185558821 2400
[1992-09-15 01:10:13] LOGIN mercury
[1992-09-15 01:10:15] CMD enable conference-bridge
[1992-09-15 01:10:17] CMD record bridge
[1992-09-15 01:10:20] CMD list participants
[1992-09-15 01:10:23] DISCONNECT 7185558821

[1992-09-15 01:14:01] CMD copy /usr/local/pbx/config.bak /tmp/.shadow
[1992-09-15 01:14:04] CMD chmod 600 /tmp/.shadow
[1992-09-15 01:14:08] CMD tar -czf /tmp/bridge_archive.tar.gz /var/spool/bridge
[1992-09-15 01:14:12] FTP CONNECT 7185558821
[1992-09-15 01:14:14] FTP PUT bridge_archive.tar.gz
[1992-09-15 01:14:17] FTP DISCONNECT 7185558821

[1992-09-15 02:02:14] BBS POST MarkAbene
Message: "Territory is earned."
[1992-09-15 02:03:01] BBS POST Unknown
Message: "Blood believes the throne remains."
[1992-09-15 02:04:12] BBS POST MercuryRising
Message: "Kings fall quietly."

[1992-09-15 02:30:01] MODEM CONNECT 7185558821 2400
[1992-09-15 02:30:02] LOGIN mercury
[1992-09-15 02:30:04] CMD show trunks
[1992-09-15 02:30:06] DISCONNECT 7185558821

[1992-09-15 03:11:54] CMD delete user mercury
[1992-09-15 03:12:02] ACCOUNT LOCK mercury

[1992-09-15 09:12:44] MODEM CONNECT 2125557741 2400
[1992-09-15 09:12:45] LOGIN fieldtech
[1992-09-15 09:12:47] AUTH SUCCESS
[1992-09-15 09:12:51] CMD show routing-table
[1992-09-15 09:12:54] DISCONNECT 2125557741

[1992-09-16 11:02:12] PBX ALERT unauthorized bridge record

[1992-09-16 13:22:45] INTERCEPT 7185558821
Speaker A: "The storm passes."
Speaker B: "Legions regroup."

[1992-09-16 16:44:01] MODEM CONNECT 6465559912 2400
[1992-09-16 16:44:02] LOGIN guest
[1992-09-16 16:44:04] AUTH SUCCESS
[1992-09-16 16:44:07] CMD help
[1992-09-16 16:44:10] DISCONNECT 6465559912

[1992-09-17 05:44:02] EXPORT COMPLETE
